


ARM Macro Assembler    Page 1 


    1 00000000                 AREA             prog3, CODE, READONLY
    2 00000000                 ENTRY
    3 00000000         ;1
    4 00000000         ;411440430 \u8b19
    5 00000000 E28F1E11        ADR              r1, data1
    6 00000004 E28F2F4A        ADR              r2, data2
    7 00000008 E28F3F4B        ADR              r3, data3
    8 0000000C E28F4D05        ADR              r4, data4
    9 00000010 E28F5F51        ADR              r5, data5
   10 00000014         ;2
   11 00000014         ;411440430 \u8b19
   12 00000014 E28F10FC        ADR              r1, data1
   13 00000018 E3A00101        LDR              r0, =0x40000000
   14 0000001C         LOOPA
   15 0000001C E4D16001        LDRB             r6,[r1], #1
   16 00000020 E4C06001        STRB             r6,[r0], #1
   17 00000024 E3560000        CMP              r6, #0
   18 00000028 1AFFFFFB        BNE              LOOPA
   19 0000002C         ;3
   20 0000002C         ;411440430 \u8b19
   21 0000002C E28F10E4        ADR              r1, data1
   22 00000030 E3A001C1        LDR              r0, =0x40000030
   23 00000034 E2800019        ADD              r0, #25
   24 00000038         LOOPB
   25 00000038 E4D16001        LDRB             r6,[r1], #1
   26 0000003C E3560000        CMP              r6, #0
   27 00000040 14406001        STRBNE           r6, [r0], #-1
   28 00000044 1AFFFFFB        BNE              LOOPB
   29 00000048         ;4
   30 00000048         ;411440430 \u8b19
   31 00000048 E28F10EC        ADR              r1, data3
   32 0000004C E59F0120        LDR              r0, =0x40000060
   33 00000050 E3A03004        LDR              r3, =4
   34 00000054         LOOPC
   35 00000054 E0D260B2        LDRH             r6, [r2], #2
   36 00000058 E0C060B2        STRH             r6, [r0], #2
   37 0000005C E2433001        SUB              r3, #1
   38 00000060 E3530000        CMP              r3, #0
   39 00000064 1AFFFFFA        BNE              LOOPC
   40 00000068         ;5
   41 00000068         ;411440430 \u8b19
   42 00000068 E28F10CC        ADR              r1, data3
   43 0000006C E59F0104        LDR              r0, =0x40000070
   44 00000070 E3A03006        LDR              r3, =6
   45 00000074         LOOPD
   46 00000074 E4916004        LDR              r6, [r1], #4
   47 00000078 E4806004        STR              r6, [r0], #4
   48 0000007C E2433001        SUB              r3, #1
   49 00000080 E3530000        CMP              r3, #0
   50 00000084 1AFFFFFA        BNE              LOOPD
   51 00000088         ;6
   52 00000088         ;411440430 \u8b19
   53 00000088 E28F10AC        ADR              r1, data3
   54 0000008C E59F00E8        LDR              r0, =0x40000090
   55 00000090 E2800014        ADD              r0, #20
   56 00000094 E3A03006        LDR              r3, =6
   57 00000098         LOOPE
   58 00000098 E4916004        LDR              r6, [r1], #4
   59 0000009C E4006004        STR              r6, [r0], #-4



ARM Macro Assembler    Page 2 


   60 000000A0 E2433001        SUB              r3, #1
   61 000000A4 E3530000        CMP              r3, #0
   62 000000A8 1AFFFFFA        BNE              LOOPE
   63 000000AC         ;7
   64 000000AC         ;411440430 \u8b19
   65 000000AC E28F10A0        ADR              r1, data4
   66 000000B0 E59F00C8        LDR              r0, =0x400000B0
   67 000000B4 E3A03007        LDR              r3, =7
   68 000000B8         LOOPF
   69 000000B8 E4D16001        LDRB             r6, [r1], #1
   70 000000BC E4C06001        STRB             r6, [r0], #1
   71 000000C0 E2433001        SUB              r3, #1
   72 000000C4 E3530000        CMP              r3, #0
   73 000000C8 1AFFFFFA        BNE              LOOPF
   74 000000CC         ;8
   75 000000CC         ;411440430 \u8b19
   76 000000CC E28F1088        ADR              r1, data5
   77 000000D0 E59F00AC        LDR              r0, =0x400000C0
   78 000000D4 E3A03006        LDR              r3, =6
   79 000000D8         LOOPG
   80 000000D8 E4916004        LDR              r6, [r1], #4
   81 000000DC E4806004        STR              r6, [r0], #4
   82 000000E0 E2433001        SUB              r3, #1
   83 000000E4 E3530000        CMP              r3, #0
   84 000000E8 1AFFFFFA        BNE              LOOPG
   85 000000EC         ;9
   86 000000EC         ;411440430 \u8b19
   87 000000EC E28F1068        ADR              r1, data5
   88 000000F0 E59F0090        LDR              r0, =0x400000E0
   89 000000F4 E3A03006        LDR              r3, =6
   90 000000F8 E3A07000        LDR              r7, =0
   91 000000FC         LOOPH
   92 000000FC E4916004        LDR              r6, [r1], #4
   93 00000100 E0877006        ADD              r7, r6
   94 00000104 E2433001        SUB              r3, #1
   95 00000108 E3530000        CMP              r3, #0
   96 0000010C 1AFFFFFA        BNE              LOOPH
   97 00000110 E5807000        STR              r7, [r0]
   98 00000114 EAFFFFFE 
                       STOP    B                STOP
   99 00000118         
  100 00000118 4D 69 64 
              74 65 72 
              6D 20 45 
              78 61 6D 
              20 69 6E 
              20 46 61 
              6C 6C 20 
              32 30 32 
              33 21 00 data1   DCB              "Midterm Exam in Fall 2023!", 0
  101 00000133 00 34 12 
              78 56 EF 
              BE CE FA data2   DCW              0x1234, 0x5678, 0xBEEF, 0xFACE
  102 0000013C 00008ECC 
              0000FE37 
              0000ABCD 
              00000001 
              00000005 
              1234FACE data3   DCD              0x8ECC, 0xFE37, 0xABCD, 1, 5, 0



ARM Macro Assembler    Page 3 


x1234FACE
  103 00000154 CF 17 27 
              54 FA FF 
              AD       data4   DCB              0xCF, 23, 39, 0x54, 250, 0xFF, 
0xAD
  104 0000015B 00 0000FE37 
              00000001 
              00000005 
              00000014 
              ABCDFACE 
              12345678 data5   DCD              0xFE37, 1, 5, 20, 0xABCDFACE, 0
x12345678
  105 00000174                 END
              40000060 
              40000070 
              40000090 
              400000B0 
              400000C0 
              400000E0 
Command Line: --debug --xref --diag_suppress=9931 --apcs=interwork --depend=.\o
bjects\main.d -o.\objects\main.o -IC:\Keil_v5\ARM\RV31\INC -IC:\Keil_v5\ARM\CMS
IS\Include -IC:\Keil_v5\ARM\INC\Philips --predefine="__EVAL SETA 1" --predefine
="__UVISION_VERSION SETA 528" --list=.\listings\main.lst main.s



ARM Macro Assembler    Page 1 Alphabetic symbol ordering
Relocatable symbols

LOOPA 0000001C

Symbol: LOOPA
   Definitions
      At line 14 in file main.s
   Uses
      At line 18 in file main.s
Comment: LOOPA used once
LOOPB 00000038

Symbol: LOOPB
   Definitions
      At line 24 in file main.s
   Uses
      At line 28 in file main.s
Comment: LOOPB used once
LOOPC 00000054

Symbol: LOOPC
   Definitions
      At line 34 in file main.s
   Uses
      At line 39 in file main.s
Comment: LOOPC used once
LOOPD 00000074

Symbol: LOOPD
   Definitions
      At line 45 in file main.s
   Uses
      At line 50 in file main.s
Comment: LOOPD used once
LOOPE 00000098

Symbol: LOOPE
   Definitions
      At line 57 in file main.s
   Uses
      At line 62 in file main.s
Comment: LOOPE used once
LOOPF 000000B8

Symbol: LOOPF
   Definitions
      At line 68 in file main.s
   Uses
      At line 73 in file main.s
Comment: LOOPF used once
LOOPG 000000D8

Symbol: LOOPG
   Definitions
      At line 79 in file main.s
   Uses
      At line 84 in file main.s
Comment: LOOPG used once
LOOPH 000000FC

Symbol: LOOPH



ARM Macro Assembler    Page 2 Alphabetic symbol ordering
Relocatable symbols

   Definitions
      At line 91 in file main.s
   Uses
      At line 96 in file main.s
Comment: LOOPH used once
STOP 00000114

Symbol: STOP
   Definitions
      At line 98 in file main.s
   Uses
      At line 98 in file main.s
Comment: STOP used once
data1 00000118

Symbol: data1
   Definitions
      At line 100 in file main.s
   Uses
      At line 5 in file main.s
      At line 12 in file main.s
      At line 21 in file main.s

data2 00000134

Symbol: data2
   Definitions
      At line 101 in file main.s
   Uses
      At line 6 in file main.s
Comment: data2 used once
data3 0000013C

Symbol: data3
   Definitions
      At line 102 in file main.s
   Uses
      At line 7 in file main.s
      At line 31 in file main.s
      At line 42 in file main.s
      At line 53 in file main.s

data4 00000154

Symbol: data4
   Definitions
      At line 103 in file main.s
   Uses
      At line 8 in file main.s
      At line 65 in file main.s

data5 0000015C

Symbol: data5
   Definitions
      At line 104 in file main.s
   Uses
      At line 9 in file main.s
      At line 76 in file main.s



ARM Macro Assembler    Page 3 Alphabetic symbol ordering
Relocatable symbols

      At line 87 in file main.s

prog3 00000000

Symbol: prog3
   Definitions
      At line 1 in file main.s
   Uses
      None
Comment: prog3 unused
15 symbols
349 symbols in table
