


ARM Macro Assembler    Page 1 


    1 00000000                 AREA             prog, CODE, READONLY
    2 00000000                 ENTRY
    3 00000000         
    4 00000000         ;initializing
    5 00000000         ;411440430 \u8b19
    6 00000000 E3A00101        LDR              r0, =0x40000000
    7 00000004 E59F1094        LDR              r1, =0xBEEFFACE
    8 00000008 E5801000        STR              r1, [r0]
    9 0000000C         
   10 0000000C         ;1
   11 0000000C E5901000        LDR              r1, [r0]
   12 00000010 E59F208C        LDR              r2, =0x8756
   13 00000014 E59F308C        LDR              r3, =0x0FFFF000
   14 00000018 E1C11003        BIC              r1, r3
   15 0000001C E1811602        ORR              r1, r2, LSL #12
   16 00000020 E5801000        STR              r1, [r0]
   17 00000024         
   18 00000024         ;2
   19 00000024         ;411440430 \u8b19
   20 00000024 E3A00101        LDR              r0, =0x40000000
   21 00000028 E59F1070        LDR              r1, =0xBEEFFACE
   22 0000002C E5801000        STR              r1, [r0]
   23 00000030 E5909000        LDR              r9, [r0]
   24 00000034 E59F4070        LDR              r4, =0x22220 ;0b0010 0010 0010 
                                                            0010 0000
   25 00000038 E1899004        ORR              r9, r4
   26 0000003C E5809000        STR              r9, [r0]
   27 00000040         ;3
   28 00000040 E3A00101        LDR              r0, =0x40000000
   29 00000044 E59F1054        LDR              r1, =0xBEEFFACE
   30 00000048 E5801000        STR              r1, [r0]
   31 0000004C E5909000        LDR              r9, [r0]
   32 00000050 E59F5058        LDR              r5, =0x10480 ;0b0001 0000  0100
                                                             1000 0000
   33 00000054 E1C99005        BIC              r9, r5
   34 00000058 E5809000        STR              r9, [r0]
   35 0000005C         ;4
   36 0000005C         ;411440430 \u8b19
   37 0000005C E3A00101        LDR              r0, =0x40000000
   38 00000060 E59F1038        LDR              r1, =0xBEEFFACE
   39 00000064 E5801000        STR              r1, [r0]
   40 00000068 E5909000        LDR              r9, [r0]
   41 0000006C E59F503C        LDR              r5, =0x10480 ;0b0001 0000 0100 
                                                            1000 0000
   42 00000070 E3E07000        LDR              r7, =0xFFFFFFFF
   43 00000074 E0255007        EOR              r5, r7
   44 00000078 E0099005        AND              r9, r5      ;I not sure
   45 0000007C E5809000        STR              r9, [r0]
   46 00000080         ;5
   47 00000080 E3A00101        LDR              r0, =0x40000000
   48 00000084 E59F1014        LDR              r1, =0xBEEFFACE
   49 00000088 E5801000        STR              r1, [r0]
   50 0000008C E5909000        LDR              r9, [r0]
   51 00000090 E59F601C        LDR              r6, =0x6040000 ;0b0110 0000 010
                                                            0 0000 0000 0000 00
                                                            00
   52 00000094 E0299006        EOR              r9, r6
   53 00000098 E5809000        STR              r9, [r0]
   54 0000009C         



ARM Macro Assembler    Page 2 


   55 0000009C EAFFFFFE 
                       stop    B                stop
   56 000000A0                 END
              BEEFFACE 
              00008756 
              0FFFF000 
              00022220 
              00010480 
              06040000 
Command Line: --debug --xref --diag_suppress=9931 --apcs=interwork --depend=.\o
bjects\main.d -o.\objects\main.o -IC:\Keil_v5\ARM\RV31\INC -IC:\Keil_v5\ARM\CMS
IS\Include -IC:\Keil_v5\ARM\INC\Philips --predefine="__EVAL SETA 1" --predefine
="__UVISION_VERSION SETA 528" --list=.\listings\main.lst main.s



ARM Macro Assembler    Page 1 Alphabetic symbol ordering
Relocatable symbols

prog 00000000

Symbol: prog
   Definitions
      At line 1 in file main.s
   Uses
      None
Comment: prog unused
stop 0000009C

Symbol: stop
   Definitions
      At line 55 in file main.s
   Uses
      At line 55 in file main.s
Comment: stop used once
2 symbols
336 symbols in table
