


ARM Macro Assembler    Page 1 


    1 00000000                 AREA             prog4, CODE, READONLY
    2 00000000                 ENTRY
    3 00000000         
    4 00000000         ; Initial register values
    5 00000000 E59F202C        LDR              r2, =0x12345678
    6 00000004 E59F302C        LDR              r3, =0x87654321
    7 00000008 E3A04012        LDR              r4, =0x00000012
    8 0000000C         
    9 0000000C         ; (1) BIC r2, r2, #0xFF000000
   10 0000000C E3C224FF        BIC              r2, r2, #0xFF000000 ; Clear the
                                                             upper 8 bits
   11 00000010         
   12 00000010         ; (2) LSL r2, r3, #4
   13 00000010 E1A02203        LSL              r2, r3, #4  ; Logical left shif
                                                            t r3 by 4 bits and 
                                                            store in r2
   14 00000014         
   15 00000014         ; (3) LSL r2, r2, r4
   16 00000014 E1A02412        LSL              r2, r2, r4  ; Logical left shif
                                                            t r2 by r4
   17 00000018         
   18 00000018         ; (4) ROR r2, r2, #12
   19 00000018 E1A02662        ROR              r2, r2, #12 ; Rotate r2 right b
                                                            y 12 bits
   20 0000001C         
   21 0000001C         ; (5) AND r2, r2, r3
   22 0000001C E0022003        AND              r2, r2, r3  ; Bitwise AND with 
                                                            r3
   23 00000020         
   24 00000020         ; (6) ORR r2, r2, r4
   25 00000020 E1822004        ORR              r2, r2, r4  ; Bitwise OR with r
                                                            4
   26 00000024         
   27 00000024         ; (7) EOR r2, r2, r4
   28 00000024 E0222004        EOR              r2, r2, r4  ; Bitwise XOR with 
                                                            r4
   29 00000028         
   30 00000028         ; (8) BIC r2, r2, r4
   31 00000028 E1C22004        BIC              r2, r2, r4  ; Clear bits set in
                                                             r4
   32 0000002C         
   33 0000002C         ; (9) EOR r2, r2, r3, ROR #7
   34 0000002C E02223E3        EOR              r2, r2, r3, ROR #7 ; Bitwise XO
                                                            R with r3 rotated r
                                                            ight by 7 bits
   35 00000030         
   36 00000030         stop
   37 00000030 EAFFFFFE        B                stop
   38 00000034         ;411440430 bo-chain
   39 00000034                 END
              12345678 
              87654321 
Command Line: --debug --xref --diag_suppress=9931 --apcs=interwork --depend=.\o
bjects\main.d -o.\objects\main.o -IC:\Keil_v5\ARM\RV31\INC -IC:\Keil_v5\ARM\CMS
IS\Include -IC:\Keil_v5\ARM\INC\Philips --predefine="__EVAL SETA 1" --predefine
="__UVISION_VERSION SETA 528" --list=.\listings\main.lst main.s



ARM Macro Assembler    Page 1 Alphabetic symbol ordering
Relocatable symbols

prog4 00000000

Symbol: prog4
   Definitions
      At line 1 in file main.s
   Uses
      None
Comment: prog4 unused
stop 00000030

Symbol: stop
   Definitions
      At line 36 in file main.s
   Uses
      At line 37 in file main.s
Comment: stop used once
2 symbols
336 symbols in table
