


ARM Macro Assembler    Page 1 


    1 00000000                 AREA             prog5, CODE, READONLY
    2 00000000                 ENTRY
    3 00000000         
    4 00000000         ; Initial register values
    5 00000000 E59F6020        LDR              r6, =0xABCD8765
    6 00000004         
    7 00000004         ; (1) Calculate the 2's complement of r6 and put the res
                       ult in r7.
    8 00000004         ;NEG     r7, r6           
    9 00000004         ; (2) Set bits 1, 5, and 13 in register r6 and leave the
                        remaining bits unchanged
   10 00000004         ;LDR  r3, =0x00002022 
   11 00000004         ;0010 0000 0010 0010
   12 00000004         ;ORR     r6, r6, r3;
   13 00000004         
   14 00000004         ; (3) Clear bits 0, 4, and 12 in register r6 and leave t
                       he remaining bits unchanged.
   15 00000004 E59F4020        LDR              r4, =0x00001011
   16 00000008         ;0001 0000 0001 0001
   17 00000008 E59F6018        LDR              r6, =0xABCD8765
   18 0000000C E1C66004        BIC              r6, r6, r4
   19 00000010         
   20 00000010         ; (4) Change bits 4, 8, and 11 of r6.
   21 00000010         ;LDR     r6, =0xABCD8765 
   22 00000010         ;EOR     r6, r6, #0x00000910  ; Bitwise XOR to change sp
                       ecified 
   23 00000010         ;0000 1001 0001 0000
   24 00000010         
   25 00000010         ; (5) Insert the value 0x5555 into the lower half of reg
                       ister r0.
   26 00000010 E59F0018        LDR              r0, =0xBEEFABCD ; Load the init
                                                            ial value into r0
   27 00000014 E59F1018        LDR              r1, =0x00005555 ; Load the valu
                                                            e 0x5555 into r1
   28 00000018         ;LSL  r1, r1, #16      ; Shift left by 16 bits to place 
                       0x5555 in the lower half
   29 00000018 E59F2018        LDR              r2, =0xFFFF
   30 0000001C E1C00002        BIC              r0, r0, r2  ; Clear the lower h
                                                            alf of r0
   31 00000020 E1800001        ORR              r0, r0, r1  ; Bitwise OR to ins
                                                            ert 0x5555 in the l
                                                            ower half
   32 00000024         ;411440430 bo-chain
   33 00000024         
   34 00000024         stop
   35 00000024 EAFFFFFE        B                stop
   36 00000028         
   37 00000028                 END
              ABCD8765 
              00001011 
              BEEFABCD 
              00005555 
              0000FFFF 
Command Line: --debug --xref --diag_suppress=9931 --apcs=interwork --depend=.\o
bjects\main.d -o.\objects\main.o -IC:\Keil_v5\ARM\RV31\INC -IC:\Keil_v5\ARM\CMS
IS\Include -IC:\Keil_v5\ARM\INC\Philips --predefine="__EVAL SETA 1" --predefine
="__UVISION_VERSION SETA 528" --list=.\listings\main.lst main.s



ARM Macro Assembler    Page 1 Alphabetic symbol ordering
Relocatable symbols

prog5 00000000

Symbol: prog5
   Definitions
      At line 1 in file main.s
   Uses
      None
Comment: prog5 unused
stop 00000024

Symbol: stop
   Definitions
      At line 34 in file main.s
   Uses
      At line 35 in file main.s
Comment: stop used once
2 symbols
336 symbols in table
