


ARM Macro Assembler    Page 1 


    1 00000000                 AREA             QUIZ, CODE, READONLY
    2 00000000                 ENTRY
    3 00000000         
    4 00000000 E3A00064        LDR              R0, = 100
    5 00000004 E59F1088        LDR              R1, = 401
    6 00000008 E3A02101        LDR              R2, = 0X40000000
    7 0000000C E3A03000        LDR              R3, = 0
    8 00000010 E3E04000        LDR              R4, = 0XFFFFFFFF
    9 00000014         
   10 00000014         LOOPA
   11 00000014 E0833000        ADD              R3, R0
   12 00000018 E2800001        ADD              R0, #1
   13 0000001C E0200004        EOR              R0, R4
   14 00000020 E1100001        TST              R0, R1
   15 00000024 E0200004        EOR              R0, R4
   16 00000028 1AFFFFF9        BNE              LOOPA
   17 0000002C E5823020        STR              R3, [R2, #0x20]
   18 00000030         
   19 00000030 E3A00064        LDR              R0, = 100
   20 00000034 E3A01F65        LDR              R1, = 404
   21 00000038 E3A02101        LDR              R2, = 0X40000000
   22 0000003C E3A03000        LDR              R3, = 0
   23 00000040 E3E04000        LDR              R4, = 0XFFFFFFFF
   24 00000044         LOOPB
   25 00000044 E0833000        ADD              R3, R0
   26 00000048 E2800004        ADD              R0, #4
   27 0000004C E0200004        EOR              R0, R4
   28 00000050 E1100001        TST              R0, R1
   29 00000054 E0200004        EOR              R0, R4
   30 00000058 1AFFFFF9        BNE              LOOPB
   31 0000005C E5823030        STR              R3, [R2, #0x30]
   32 00000060         
   33 00000060 E3A00068        LDR              R0, = 104
   34 00000064 E3A01F66        LDR              R1, = 408
   35 00000068 E3A02101        LDR              R2, = 0X40000000
   36 0000006C E3A03000        LDR              R3, = 0
   37 00000070 E3E04000        LDR              R4, = 0XFFFFFFFF
   38 00000074         LOOPC
   39 00000074 E0833000        ADD              R3, R0
   40 00000078 E2800008        ADD              R0, #8
   41 0000007C E0200004        EOR              R0, R4
   42 00000080 E1100001        TST              R0, R1
   43 00000084 E0200004        EOR              R0, R4
   44 00000088 1AFFFFF9        BNE              LOOPC
   45 0000008C E5823040        STR              R3, [R2, #0x40]
   46 00000090         
   47 00000090 EAFFFFFE 
                       STOP    B                STOP
   48 00000094                 END
              00000191 
Command Line: --debug --xref --diag_suppress=9931 --apcs=interwork --depend=.\o
bjects\main.d -o.\objects\main.o -IC:\Keil_v5\ARM\RV31\INC -IC:\Keil_v5\ARM\CMS
IS\Include -IC:\Keil_v5\ARM\INC\Philips --predefine="__EVAL SETA 1" --predefine
="__UVISION_VERSION SETA 528" --list=.\listings\main.lst main.s



ARM Macro Assembler    Page 1 Alphabetic symbol ordering
Relocatable symbols

LOOPA 00000014

Symbol: LOOPA
   Definitions
      At line 10 in file main.s
   Uses
      At line 16 in file main.s
Comment: LOOPA used once
LOOPB 00000044

Symbol: LOOPB
   Definitions
      At line 24 in file main.s
   Uses
      At line 30 in file main.s
Comment: LOOPB used once
LOOPC 00000074

Symbol: LOOPC
   Definitions
      At line 38 in file main.s
   Uses
      At line 44 in file main.s
Comment: LOOPC used once
QUIZ 00000000

Symbol: QUIZ
   Definitions
      At line 1 in file main.s
   Uses
      None
Comment: QUIZ unused
STOP 00000090

Symbol: STOP
   Definitions
      At line 47 in file main.s
   Uses
      At line 47 in file main.s
Comment: STOP used once
5 symbols
339 symbols in table
