


ARM Macro Assembler    Page 1 


    1 00000000                 AREA             prog3, CODE, READONLY
    2 00000000                 ENTRY
    3 00000000         
    4 00000000 E3A03101        LDR              r3, =0x40000000
    5 00000004 E59F6008        LDR              r6, =0xDEADBEEF
    6 00000008         
    7 00000008 E5836000        STR              r6, [r3]
    8 0000000C E5D34000        LDRB             r4, [r3]
    9 00000010 EAFFFFFE 
                       stop    B                stop
   10 00000014         
   11 00000014                 END
              DEADBEEF 
Command Line: --debug --xref --diag_suppress=9931 --apcs=interwork --depend=.\o
bjects\main.d -o.\objects\main.o -IC:\Keil_v5\ARM\RV31\INC -IC:\Keil_v5\ARM\CMS
IS\Include -IC:\Keil_v5\ARM\INC\Philips --predefine="__EVAL SETA 1" --predefine
="__UVISION_VERSION SETA 528" --list=.\listings\main.lst main.s



ARM Macro Assembler    Page 1 Alphabetic symbol ordering
Relocatable symbols

prog3 00000000

Symbol: prog3
   Definitions
      At line 1 in file main.s
   Uses
      None
Comment: prog3 unused
stop 00000010

Symbol: stop
   Definitions
      At line 9 in file main.s
   Uses
      At line 9 in file main.s
Comment: stop used once
2 symbols
336 symbols in table
